[debug] [2021-12-13T06:50:59.197Z] ----------------------------------------------------------------------
[debug] [2021-12-13T06:50:59.199Z] Command:       C:\Program Files\nodejs\node.exe C:\Users\user\AppData\Roaming\npm\node_modules\firebase-tools\lib\bin\firebase.js init
[debug] [2021-12-13T06:50:59.199Z] CLI Version:   9.23.1
[debug] [2021-12-13T06:50:59.199Z] Platform:      win32
[debug] [2021-12-13T06:50:59.199Z] Node Version:  v14.17.1
[debug] [2021-12-13T06:50:59.200Z] Time:          Mon Dec 13 2021 01:50:59 GMT-0500 (hora estándar de Colombia)
[debug] [2021-12-13T06:50:59.200Z] ----------------------------------------------------------------------
[debug] 
[debug] [2021-12-13T06:50:59.202Z] >>> [apiv2][query] GET https://firebase-public.firebaseio.com/cli.json [none]
[debug] [2021-12-13T06:50:59.222Z] > command requires scopes: ["email","openid","https://www.googleapis.com/auth/cloudplatformprojects.readonly","https://www.googleapis.com/auth/firebase","https://www.googleapis.com/auth/cloud-platform"]
[debug] [2021-12-13T06:50:59.222Z] > authorizing via signed-in user (corvato22@gmail.com)
[info] 
     ######## #### ########  ######## ########     ###     ######  ########
     ##        ##  ##     ## ##       ##     ##  ##   ##  ##       ##
     ######    ##  ########  ######   ########  #########  ######  ######
     ##        ##  ##    ##  ##       ##     ## ##     ##       ## ##
     ##       #### ##     ## ######## ########  ##     ##  ######  ########

You're about to initialize a Firebase project in this directory:

  C:\Users\user\Downloads\Academia-Geek\Formacion_Tecnica\Entregas\Sprint_3\sprint_3

[debug] [2021-12-13T06:50:59.601Z] <<< [apiv2][status] GET https://firebase-public.firebaseio.com/cli.json 200
[debug] [2021-12-13T06:50:59.601Z] <<< [apiv2][body] GET https://firebase-public.firebaseio.com/cli.json {"cloudBuildErrorAfter":1594252800000,"cloudBuildWarnAfter":1590019200000,"defaultNode10After":1594252800000,"minVersion":"3.0.5","node8DeploysDisabledAfter":1613390400000,"node8RuntimeDisabledAfter":1615809600000,"node8WarnAfter":1600128000000}
